  pch.cpp
  UnitTest1.cpp
     Creating library D:\НУ Львівська Політехніка\ООП\Лабораторні\Лабораторна 1\Lab_1.6\Pr_1.6\x64\Debug\UnitTest1.lib and object D:\НУ Львівська Політехніка\ООП\Лабораторні\Лабораторна 1\Lab_1.6\Pr_1.6\x64\Debug\UnitTest1.exp
UnitTest1.obj : error LNK2019: unresolved external symbol "public: bool __cdecl DateC::Init(int,int,int)" (?Init@DateC@@QEAA_NHHH@Z) referenced in function "public: void __cdecl UnitTest1::UnitTest1::TestMethod1(void)" (?TestMethod1@UnitTest1@1@QEAAXXZ)
UnitTest1.obj : error LNK2019: unresolved external symbol "public: class std::basic_string<char,struct std::char_traits<char>,class std::allocator<char> > __cdecl DateC::toString(void)" (?toString@DateC@@QEAA?AV?$basic_string@DU?$char_traits@D@std@@V?$allocator@D@2@@std@@XZ) referenced in function "public: void __cdecl UnitTest1::UnitTest1::TestMethod1(void)" (?TestMethod1@UnitTest1@1@QEAAXXZ)
D:\НУ Львівська Політехніка\ООП\Лабораторні\Лабораторна 1\Lab_1.6\Pr_1.6\x64\Debug\UnitTest1.dll : fatal error LNK1120: 2 unresolved externals
